<?xml version="1.0" encoding="UTF-8"?>
<!-- Generated by org.testng.reporters.JUnitReportReporter -->
<testsuite hostname="95WPP13" failures="0" tests="2" name="Academy.HomePage" time="11.415" errors="0" timestamp="2020-11-16T11:15:19 IST" skipped="0">
  <testcase classname="Academy.HomePage" name="pageNavigationBaseFromHome" time="9.305"/>
  <system-out/>
  <testcase classname="Academy.HomePage" name="pageNavigationBaseFromHome" time="2.110"/>
  <system-out/>
</testsuite> <!-- Academy.HomePage -->
