<?xml version="1.0" encoding="UTF-8"?>
<!-- Generated by org.testng.reporters.JUnitReportReporter -->
<testsuite hostname="95WPP13" failures="0" tests="1" name="Academy.validateNavigateBar" time="0.062" errors="0" timestamp="2020-11-16T10:41:09 IST" skipped="0">
  <testcase classname="Academy.validateNavigateBar" name="pageNavigationbaseFromValidateNavigate" time="0.062"/>
  <system-out/>
</testsuite> <!-- Academy.validateNavigateBar -->
