<?xml version="1.0" encoding="UTF-8"?>
<!-- Generated by org.testng.reporters.JUnitReportReporter -->
<testsuite hostname="95WPP13" failures="0" tests="1" name="Academy.validateTitle" time="0.097" errors="0" timestamp="2020-11-16T11:17:09 IST" skipped="0">
  <testcase classname="Academy.validateTitle" name="pageNavigationBaseFeomValidateTitle" time="0.097"/>
  <system-out/>
</testsuite> <!-- Academy.validateTitle -->
