<?xml version="1.0" encoding="UTF-8"?>
<!-- Generated by org.testng.reporters.JUnitReportReporter -->
<testsuite hostname="95WPP13" failures="0" tests="2" name="Academy.HomePage" time="25.048" errors="0" timestamp="2020-11-16T11:17:09 IST" skipped="0">
  <testcase classname="Academy.HomePage" name="pageNavigationBaseFromHome" time="2.248"/>
  <system-out/>
  <testcase classname="Academy.HomePage" name="pageNavigationBaseFromHome" time="22.800"/>
  <system-out/>
</testsuite> <!-- Academy.HomePage -->
